#
# There is insufficient memory for the Java Runtime Environment to continue.
# Native memory allocation (malloc) failed to allocate 95376 bytes for Chunk::new
# Possible reasons:
#   The system is out of physical RAM or swap space
#   The process is running with CompressedOops enabled, and the Java Heap may be blocking the growth of the native heap
# Possible solutions:
#   Reduce memory load on the system
#   Increase physical memory or swap space
#   Check if swap backing store is full
#   Decrease Java heap size (-Xmx/-Xms)
#   Decrease number of Java threads
#   Decrease Java thread stack sizes (-Xss)
#   Set larger code cache with -XX:ReservedCodeCacheSize=
#   JVM is running with Unscaled Compressed Oops mode in which the Java heap is
#     placed in the first 4GB address space. The Java Heap base address is the
#     maximum limit for the native heap growth. Please use -XX:HeapBaseMinAddress
#     to set the Java Heap base and to place the Java Heap above 4GB virtual address.
# This output file may be truncated or incomplete.
#
#  Out of Memory Error (allocation.cpp:389), pid=7616, tid=0x0000000000004fa8
#
# JRE version: OpenJDK Runtime Environment (8.0_212-b04) (build 1.8.0_212-release-1586-b04)
# Java VM: OpenJDK 64-Bit Server VM (25.212-b04 mixed mode windows-amd64 compressed oops)
# Failed to write core dump. Minidumps are not enabled by default on client versions of Windows
#

---------------  T H R E A D  ---------------

Current thread (0x0000000016150000):  JavaThread "C2 CompilerThread1" daemon [_thread_in_native, id=20392, stack(0x0000000017b90000,0x0000000017c90000)]

Stack: [0x0000000017b90000,0x0000000017c90000]
[error occurred during error reporting (printing stack bounds), id 0xc0000005]

Native frames: (J=compiled Java code, j=interpreted, Vv=VM code, C=native code)


Current CompileTask:
C2:3607605 13128       4       org.objectweb.asm.MethodWriter::putMethodInfo (1274 bytes)


---------------  P R O C E S S  ---------------

Java Threads: ( => current thread )
  0x0000000018c99000 JavaThread "stdout" [_thread_in_native, id=13208, stack(0x00000000263e0000,0x00000000264e0000)]
  0x0000000018c97800 JavaThread "stderr" [_thread_in_native, id=19912, stack(0x00000000262e0000,0x00000000263e0000)]
  0x0000000018c95000 JavaThread "stdout" [_thread_in_native, id=17292, stack(0x00000000261e0000,0x00000000262e0000)]
  0x0000000018c96800 JavaThread "stderr" [_thread_in_native, id=24268, stack(0x00000000260e0000,0x00000000261e0000)]
  0x0000000018c91800 JavaThread "stdout" [_thread_in_native, id=12108, stack(0x0000000025fe0000,0x00000000260e0000)]
  0x0000000018c96000 JavaThread "stderr" [_thread_in_native, id=16688, stack(0x0000000025ee0000,0x0000000025fe0000)]
  0x0000000018c94800 JavaThread "stdout" [_thread_in_native, id=7348, stack(0x0000000025de0000,0x0000000025ee0000)]
  0x0000000018c8f000 JavaThread "stderr" [_thread_in_native, id=19484, stack(0x0000000025ce0000,0x0000000025de0000)]
  0x0000000018c90000 JavaThread "pool-4-thread-1" [_thread_blocked, id=22920, stack(0x0000000025be0000,0x0000000025ce0000)]
  0x0000000018c8e800 JavaThread "WorkerExecutor Queue Thread 4" [_thread_blocked, id=24816, stack(0x0000000025ae0000,0x0000000025be0000)]
  0x0000000018c90800 JavaThread "WorkerExecutor Queue Thread 3" [_thread_blocked, id=16148, stack(0x00000000259e0000,0x0000000025ae0000)]
  0x0000000018c93800 JavaThread "WorkerExecutor Queue Thread 2" [_thread_blocked, id=2980, stack(0x00000000258e0000,0x00000000259e0000)]
  0x000000001941c000 JavaThread "WorkerExecutor Queue" [_thread_blocked, id=23244, stack(0x00000000257e0000,0x00000000258e0000)]
  0x0000000019422000 JavaThread "Cache worker for execution history cache (D:\and\Potato\.gradle\5.6.4\executionHistory)" [_thread_blocked, id=13380, stack(0x00000000256e0000,0x00000000257e0000)]
  0x000000001941d800 JavaThread "Execution worker for ':' Thread 3" [_thread_blocked, id=3420, stack(0x00000000255e0000,0x00000000256e0000)]
  0x0000000019420000 JavaThread "Execution worker for ':' Thread 2" [_thread_in_Java, id=19604, stack(0x00000000254e0000,0x00000000255e0000)]
  0x0000000019420800 JavaThread "Execution worker for ':'" [_thread_blocked, id=12356, stack(0x00000000253e0000,0x00000000254e0000)]
  0x000000001941e000 JavaThread "Cache worker for file content cache (D:\and\Potato\.gradle\5.6.4\fileContent)" [_thread_blocked, id=25188, stack(0x00000000252e0000,0x00000000253e0000)]
  0x0000000019421800 JavaThread "Cache worker for file content cache (C:\Users\IvoryT\.gradle\caches\5.6.4\fileContent)" [_thread_blocked, id=2892, stack(0x00000000251e0000,0x00000000252e0000)]
  0x000000001a0df800 JavaThread "Cache worker for Build Output Cleanup Cache (D:\and\Potato\.gradle\buildOutputCleanup)" [_thread_blocked, id=15864, stack(0x00000000250e0000,0x00000000251e0000)]
  0x000000001a0de800 JavaThread "Build operations Thread 4" [_thread_blocked, id=2864, stack(0x0000000024fe0000,0x00000000250e0000)]
  0x000000001a0db800 JavaThread "Build operations Thread 3" [_thread_blocked, id=20004, stack(0x0000000024ee0000,0x0000000024fe0000)]
  0x000000001c1c4800 JavaThread "Build operations Thread 2" [_thread_blocked, id=22872, stack(0x0000000024de0000,0x0000000024ee0000)]
  0x000000001c1c2800 JavaThread "Build operations" [_thread_blocked, id=21496, stack(0x0000000024ce0000,0x0000000024de0000)]
  0x000000001c1c4000 JavaThread "Cache worker for cache directory md-rule (C:\Users\IvoryT\.gradle\caches\5.6.4\md-rule)" [_thread_blocked, id=9020, stack(0x0000000024be0000,0x0000000024ce0000)]
  0x000000001c1bb000 JavaThread "Cache worker for cache directory md-supplier (C:\Users\IvoryT\.gradle\caches\5.6.4\md-supplier)" [_thread_blocked, id=21664, stack(0x0000000024ae0000,0x0000000024be0000)]
  0x000000001c1bb800 JavaThread "Cache worker for file hash cache (D:\and\Potato\.gradle\5.6.4\fileHashes)" [_thread_blocked, id=3856, stack(0x00000000249e0000,0x0000000024ae0000)]
  0x000000001c1ba000 JavaThread "Thread-28" [_thread_blocked, id=25280, stack(0x00000000248e0000,0x00000000249e0000)]
  0x000000001c1c1000 JavaThread "Stdin handler" [_thread_blocked, id=4996, stack(0x00000000247e0000,0x00000000248e0000)]
  0x000000001c1b9800 JavaThread "Asynchronous log dispatcher for DefaultDaemonConnection: socket connection from /127.0.0.1:1242 to /127.0.0.1:2724" [_thread_blocked, id=15168, stack(0x00000000246e0000,0x00000000247e0000)]
  0x000000001c1b8800 JavaThread "Daemon worker Thread 2" [_thread_blocked, id=20312, stack(0x00000000245e0000,0x00000000246e0000)]
  0x000000001c1bf800 JavaThread "Cancel handler" [_thread_blocked, id=13472, stack(0x00000000244e0000,0x00000000245e0000)]
  0x000000001c1b8000 JavaThread "Handler for socket connection from /127.0.0.1:1242 to /127.0.0.1:2724" [_thread_in_native, id=6428, stack(0x00000000243e0000,0x00000000244e0000)]
  0x000000001c1b7000 JavaThread "Daemon Thread 2" [_thread_blocked, id=20624, stack(0x00000000242e0000,0x00000000243e0000)]
  0x000000001c1b6800 JavaThread "Memory manager" [_thread_blocked, id=17200, stack(0x0000000021f30000,0x0000000022030000)]
  0x000000001c1b5800 JavaThread "Cache worker for execution history cache (C:\Users\IvoryT\.gradle\caches\5.6.4\executionHistory)" [_thread_blocked, id=5700, stack(0x000000001fc90000,0x000000001fd90000)]
  0x000000001a0db000 JavaThread "Cache worker for journal cache (C:\Users\IvoryT\.gradle\caches\journal-1)" [_thread_blocked, id=19660, stack(0x000000001be60000,0x000000001bf60000)]
  0x000000001a0e1000 JavaThread "File lock request listener" [_thread_in_native, id=10452, stack(0x000000001bc60000,0x000000001bd60000)]
  0x000000001a0de000 JavaThread "Cache worker for file hash cache (C:\Users\IvoryT\.gradle\caches\5.6.4\fileHashes)" [_thread_blocked, id=22736, stack(0x000000001bb60000,0x000000001bc60000)]
  0x0000000019e30800 JavaThread "Daemon periodic checks" [_thread_blocked, id=10108, stack(0x000000001af60000,0x000000001b060000)]
  0x0000000019e2f800 JavaThread "Incoming local TCP Connector on port 1242" [_thread_in_native, id=14884, stack(0x000000001adb0000,0x000000001aeb0000)]
  0x00000000177a6800 JavaThread "Daemon health stats" [_thread_blocked, id=19252, stack(0x000000001aab0000,0x000000001abb0000)]
  0x00000000174de000 JavaThread "Service Thread" daemon [_thread_blocked, id=19300, stack(0x0000000017d90000,0x0000000017e90000)]
  0x000000001619c800 JavaThread "C1 CompilerThread2" daemon [_thread_blocked, id=20020, stack(0x0000000017c90000,0x0000000017d90000)]
=>0x0000000016150000 JavaThread "C2 CompilerThread1" daemon [_thread_in_native, id=20392, stack(0x0000000017b90000,0x0000000017c90000)]
  0x000000001614b000 JavaThread "C2 CompilerThread0" daemon [_thread_in_native, id=22712, stack(0x0000000017a90000,0x0000000017b90000)]
  0x000000001614a000 JavaThread "Attach Listener" daemon [_thread_blocked, id=19752, stack(0x0000000017990000,0x0000000017a90000)]
  0x00000000174a0800 JavaThread "Signal Dispatcher" daemon [_thread_blocked, id=13232, stack(0x0000000017890000,0x0000000017990000)]
  0x0000000016129000 JavaThread "Finalizer" daemon [_thread_blocked, id=8916, stack(0x0000000017390000,0x0000000017490000)]
  0x00000000027c1000 JavaThread "Reference Handler" daemon [_thread_blocked, id=716, stack(0x0000000017290000,0x0000000017390000)]
  0x000000000219e000 JavaThread "main" [_thread_blocked, id=14836, stack(0x00000000025d0000,0x00000000026d0000)]

Other Threads:
  0x0000000016106000 VMThread [stack: 0x0000000017190000,0x0000000017290000] [id=10600]
  0x00000000174df000 WatcherThread [stack: 0x0000000017e90000,0x0000000017f90000] [id=10884]

VM state:not at safepoint (normal execution)

VM Mutex/Monitor currently owned by a thread: None

heap address: 0x00000000a0000000, size: 1536 MB, Compressed Oops mode: 32-bit
Narrow klass base: 0x0000000000000000, Narrow klass shift: 3
Compressed class space size: 1073741824 Address: 0x0000000100000000

Heap:
 PSYoungGen      total 488448K, used 390718K [0x00000000e0000000, 0x0000000100000000, 0x0000000100000000)
  eden space 463872K, 78% used [0x00000000e0000000,0x00000000f6592db0,0x00000000fc500000)
  from space 24576K, 99% used [0x00000000fe800000,0x00000000ffffcc98,0x0000000100000000)
  to   space 30208K, 0% used [0x00000000fc500000,0x00000000fc500000,0x00000000fe280000)
 ParOldGen       total 119808K, used 37782K [0x00000000a0000000, 0x00000000a7500000, 0x00000000e0000000)
  object space 119808K, 31% used [0x00000000a0000000,0x00000000a24e5b48,0x00000000a7500000)
 Metaspace       used 84252K, capacity 87752K, committed 88064K, reserved 1126400K
  class space    used 10932K, capacity 11704K, committed 11776K, reserved 1048576K

Card table byte_map: [0x0000000011b90000,0x0000000011ea0000] byte_map_base: 0x0000000011690000

Marking Bits: (ParMarkBitMap*) 0x000000006c8a9f30
 Begin Bits: [0x00000000124a0000, 0x0000000013ca0000)
 End Bits:   [0x0000000013ca0000, 0x00000000154a0000)

Polling page: 0x0000000000b00000

CodeCache: size=245760Kb used=36265Kb max_used=36572Kb free=209494Kb
 bounds [0x00000000027d0000, 0x0000000004bb0000, 0x00000000117d0000]
 total_blobs=12023 nmethods=11136 adapters=796
 compilation: enabled

Compilation events (10 events):
Event: 3606.357 Thread 0x000000001619c800 nmethod 13139 0x000000000459df50 code [0x000000000459e1a0, 0x000000000459ef88]
Event: 3606.357 Thread 0x000000001619c800 13137       2       com.google.common.collect.ImmutableSortedSet::emptySet (26 bytes)
Event: 3606.357 Thread 0x000000001619c800 nmethod 13137 0x00000000046a1dd0 code [0x00000000046a1f20, 0x00000000046a2130]
Event: 3606.357 Thread 0x000000001619c800 13140       3       org.objectweb.asm.AnnotationVisitor::<init> (66 bytes)
Event: 3606.358 Thread 0x000000001619c800 nmethod 13140 0x0000000004980ad0 code [0x0000000004980cc0, 0x0000000004981618]
Event: 3606.358 Thread 0x000000001619c800 13142       3       org.objectweb.asm.ClassVisitor::visit (24 bytes)
Event: 3606.358 Thread 0x000000001619c800 nmethod 13142 0x000000000459da90 code [0x000000000459dc00, 0x000000000459de68]
Event: 3606.359 Thread 0x000000001619c800 13143       3       org.gradle.api.internal.tasks.compile.TypedMember::compare (41 bytes)
Event: 3606.359 Thread 0x000000001619c800 nmethod 13143 0x0000000004980510 code [0x00000000049806a0, 0x00000000049809b8]
Event: 3606.359 Thread 0x000000001619c800 13144       3       org.gradle.api.internal.tasks.compile.ApiMemberSelector::visitMethod (81 bytes)

GC Heap History (10 events):
Event: 10.066 GC heap before
{Heap before GC invocations=9 (full 2):
 PSYoungGen      total 272896K, used 9199K [0x00000000e0000000, 0x00000000f8c80000, 0x0000000100000000)
  eden space 257024K, 0% used [0x00000000e0000000,0x00000000e0000000,0x00000000efb00000)
  from space 15872K, 57% used [0x00000000efb00000,0x00000000f03fbf98,0x00000000f0a80000)
  to   space 15360K, 0% used [0x00000000f7d80000,0x00000000f7d80000,0x00000000f8c80000)
 ParOldGen       total 57856K, used 8186K [0x00000000a0000000, 0x00000000a3880000, 0x00000000e0000000)
  object space 57856K, 14% used [0x00000000a0000000,0x00000000a07feb30,0x00000000a3880000)
 Metaspace       used 34630K, capacity 35370K, committed 35496K, reserved 1079296K
  class space    used 4586K, capacity 4812K, committed 4864K, reserved 1048576K
Event: 10.196 GC heap after
Heap after GC invocations=9 (full 2):
 PSYoungGen      total 272896K, used 0K [0x00000000e0000000, 0x00000000f8c80000, 0x0000000100000000)
  eden space 257024K, 0% used [0x00000000e0000000,0x00000000e0000000,0x00000000efb00000)
  from space 15872K, 0% used [0x00000000efb00000,0x00000000efb00000,0x00000000f0a80000)
  to   space 15360K, 0% used [0x00000000f7d80000,0x00000000f7d80000,0x00000000f8c80000)
 ParOldGen       total 82432K, used 16578K [0x00000000a0000000, 0x00000000a5080000, 0x00000000e0000000)
  object space 82432K, 20% used [0x00000000a0000000,0x00000000a1030b80,0x00000000a5080000)
 Metaspace       used 34630K, capacity 35370K, committed 35496K, reserved 1079296K
  class space    used 4586K, capacity 4812K, committed 4864K, reserved 1048576K
}
Event: 16.754 GC heap before
{Heap before GC invocations=10 (full 2):
 PSYoungGen      total 272896K, used 257024K [0x00000000e0000000, 0x00000000f8c80000, 0x0000000100000000)
  eden space 257024K, 100% used [0x00000000e0000000,0x00000000efb00000,0x00000000efb00000)
  from space 15872K, 0% used [0x00000000efb00000,0x00000000efb00000,0x00000000f0a80000)
  to   space 15360K, 0% used [0x00000000f7d80000,0x00000000f7d80000,0x00000000f8c80000)
 ParOldGen       total 82432K, used 16578K [0x00000000a0000000, 0x00000000a5080000, 0x00000000e0000000)
  object space 82432K, 20% used [0x00000000a0000000,0x00000000a1030b80,0x00000000a5080000)
 Metaspace       used 53592K, capacity 55330K, committed 55424K, reserved 1097728K
  class space    used 7085K, capacity 7526K, committed 7552K, reserved 1048576K
Event: 16.806 GC heap after
Heap after GC invocations=10 (full 2):
 PSYoungGen      total 383488K, used 15344K [0x00000000e0000000, 0x00000000fb000000, 0x0000000100000000)
  eden space 368128K, 0% used [0x00000000e0000000,0x00000000e0000000,0x00000000f6780000)
  from space 15360K, 99% used [0x00000000f7d80000,0x00000000f8c7c1c8,0x00000000f8c80000)
  to   space 22528K, 0% used [0x00000000f6780000,0x00000000f6780000,0x00000000f7d80000)
 ParOldGen       total 82432K, used 27921K [0x00000000a0000000, 0x00000000a5080000, 0x00000000e0000000)
  object space 82432K, 33% used [0x00000000a0000000,0x00000000a1b445a0,0x00000000a5080000)
 Metaspace       used 53592K, capacity 55330K, committed 55424K, reserved 1097728K
  class space    used 7085K, capacity 7526K, committed 7552K, reserved 1048576K
}
Event: 17.975 GC heap before
{Heap before GC invocations=11 (full 2):
 PSYoungGen      total 383488K, used 71430K [0x00000000e0000000, 0x00000000fb000000, 0x0000000100000000)
  eden space 368128K, 15% used [0x00000000e0000000,0x00000000e36c5a28,0x00000000f6780000)
  from space 15360K, 99% used [0x00000000f7d80000,0x00000000f8c7c1c8,0x00000000f8c80000)
  to   space 22528K, 0% used [0x00000000f6780000,0x00000000f6780000,0x00000000f7d80000)
 ParOldGen       total 82432K, used 27921K [0x00000000a0000000, 0x00000000a5080000, 0x00000000e0000000)
  object space 82432K, 33% used [0x00000000a0000000,0x00000000a1b445a0,0x00000000a5080000)
 Metaspace       used 57080K, capacity 59142K, committed 59160K, reserved 1099776K
  class space    used 7706K, capacity 8189K, committed 8192K, reserved 1048576K
Event: 18.007 GC heap after
Heap after GC invocations=11 (full 2):
 PSYoungGen      total 390656K, used 18387K [0x00000000e0000000, 0x0000000100000000, 0x0000000100000000)
  eden space 368128K, 0% used [0x00000000e0000000,0x00000000e0000000,0x00000000f6780000)
  from space 22528K, 81% used [0x00000000f6780000,0x00000000f7974da0,0x00000000f7d80000)
  to   space 24576K, 0% used [0x00000000fe800000,0x00000000fe800000,0x0000000100000000)
 ParOldGen       total 82432K, used 27929K [0x00000000a0000000, 0x00000000a5080000, 0x00000000e0000000)
  object space 82432K, 33% used [0x00000000a0000000,0x00000000a1b465a0,0x00000000a5080000)
 Metaspace       used 57080K, capacity 59142K, committed 59160K, reserved 1099776K
  class space    used 7706K, capacity 8189K, committed 8192K, reserved 1048576K
}
Event: 18.007 GC heap before
{Heap before GC invocations=12 (full 3):
 PSYoungGen      total 390656K, used 18387K [0x00000000e0000000, 0x0000000100000000, 0x0000000100000000)
  eden space 368128K, 0% used [0x00000000e0000000,0x00000000e0000000,0x00000000f6780000)
  from space 22528K, 81% used [0x00000000f6780000,0x00000000f7974da0,0x00000000f7d80000)
  to   space 24576K, 0% used [0x00000000fe800000,0x00000000fe800000,0x0000000100000000)
 ParOldGen       total 82432K, used 27929K [0x00000000a0000000, 0x00000000a5080000, 0x00000000e0000000)
  object space 82432K, 33% used [0x00000000a0000000,0x00000000a1b465a0,0x00000000a5080000)
 Metaspace       used 57080K, capacity 59142K, committed 59160K, reserved 1099776K
  class space    used 7706K, capacity 8189K, committed 8192K, reserved 1048576K
Event: 18.317 GC heap after
Heap after GC invocations=12 (full 3):
 PSYoungGen      total 390656K, used 0K [0x00000000e0000000, 0x0000000100000000, 0x0000000100000000)
  eden space 368128K, 0% used [0x00000000e0000000,0x00000000e0000000,0x00000000f6780000)
  from space 22528K, 0% used [0x00000000f6780000,0x00000000f6780000,0x00000000f7d80000)
  to   space 24576K, 0% used [0x00000000fe800000,0x00000000fe800000,0x0000000100000000)
 ParOldGen       total 119808K, used 32231K [0x00000000a0000000, 0x00000000a7500000, 0x00000000e0000000)
  object space 119808K, 26% used [0x00000000a0000000,0x00000000a1f79db8,0x00000000a7500000)
 Metaspace       used 57018K, capacity 59006K, committed 59160K, reserved 1099776K
  class space    used 7688K, capacity 8166K, committed 8192K, reserved 1048576K
}
Event: 36.429 GC heap before
{Heap before GC invocations=13 (full 3):
 PSYoungGen      total 390656K, used 368128K [0x00000000e0000000, 0x0000000100000000, 0x0000000100000000)
  eden space 368128K, 100% used [0x00000000e0000000,0x00000000f6780000,0x00000000f6780000)
  from space 22528K, 0% used [0x00000000f6780000,0x00000000f6780000,0x00000000f7d80000)
  to   space 24576K, 0% used [0x00000000fe800000,0x00000000fe800000,0x0000000100000000)
 ParOldGen       total 119808K, used 32231K [0x00000000a0000000, 0x00000000a7500000, 0x00000000e0000000)
  object space 119808K, 26% used [0x00000000a0000000,0x00000000a1f79db8,0x00000000a7500000)
 Metaspace       used 76235K, capacity 79378K, committed 79616K, reserved 1118208K
  class space    used 10069K, capacity 10751K, committed 10752K, reserved 1048576K
Event: 36.520 GC heap after
Heap after GC invocations=13 (full 3):
 PSYoungGen      total 488448K, used 24563K [0x00000000e0000000, 0x0000000100000000, 0x0000000100000000)
  eden space 463872K, 0% used [0x00000000e0000000,0x00000000e0000000,0x00000000fc500000)
  from space 24576K, 99% used [0x00000000fe800000,0x00000000ffffcc98,0x0000000100000000)
  to   space 30208K, 0% used [0x00000000fc500000,0x00000000fc500000,0x00000000fe280000)
 ParOldGen       total 119808K, used 37782K [0x00000000a0000000, 0x00000000a7500000, 0x00000000e0000000)
  object space 119808K, 31% used [0x00000000a0000000,0x00000000a24e5b48,0x00000000a7500000)
 Metaspace       used 76235K, capacity 79378K, committed 79616K, reserved 1118208K
  class space    used 10069K, capacity 10751K, committed 10752K, reserved 1048576K
}

Deoptimization events (10 events):
Event: 3606.174 Thread 0x0000000019420000 Uncommon trap: reason=unstable_if action=reinterpret pc=0x0000000002e302ac method=org.objectweb.asm.ByteVector.putInt(I)Lorg/objectweb/asm/ByteVector; @ 13
Event: 3606.200 Thread 0x0000000019420000 Uncommon trap: reason=unstable_if action=reinterpret pc=0x00000000038dd688 method=com.google.common.collect.ComparisonChain$1.classify(I)Lcom/google/common/collect/ComparisonChain; @ 1
Event: 3606.200 Thread 0x0000000019420000 Uncommon trap: reason=unstable_if action=reinterpret pc=0x000000000498bab8 method=com.google.common.collect.ComparisonChain$1.classify(I)Lcom/google/common/collect/ComparisonChain; @ 1
Event: 3606.200 Thread 0x0000000019420000 Uncommon trap: reason=unstable_if action=reinterpret pc=0x000000000492b984 method=com.google.common.collect.ComparisonChain$1.classify(I)Lcom/google/common/collect/ComparisonChain; @ 1
Event: 3606.353 Thread 0x0000000019420000 Uncommon trap: reason=unstable_if action=reinterpret pc=0x00000000046a06e4 method=com.google.common.collect.ImmutableSortedSet.construct(Ljava/util/Comparator;I[Ljava/lang/Object;)Lcom/google/common/collect/ImmutableSortedSet; @ 1
Event: 3606.354 Thread 0x0000000019420000 Uncommon trap: reason=unstable_if action=reinterpret pc=0x00000000049d6b88 method=com.google.common.collect.ImmutableSortedSet.construct(Ljava/util/Comparator;I[Ljava/lang/Object;)Lcom/google/common/collect/ImmutableSortedSet; @ 1
Event: 3606.354 Thread 0x0000000019420000 Uncommon trap: reason=unstable_if action=reinterpret pc=0x0000000004196e74 method=org.gradle.api.internal.tasks.compile.AnnotatableMember.compare(Lorg/gradle/api/internal/tasks/compile/AnnotatableMember;)Lcom/google/common/collect/ComparisonChain; @ 9
Event: 3606.356 Thread 0x0000000019420000 Uncommon trap: reason=unstable_if action=reinterpret pc=0x00000000038de508 method=org.gradle.api.internal.tasks.compile.AnnotatableMember.compare(Lorg/gradle/api/internal/tasks/compile/AnnotatableMember;)Lcom/google/common/collect/ComparisonChain; @ 9
Event: 3606.356 Thread 0x0000000019420000 Uncommon trap: reason=unstable_if action=reinterpret pc=0x000000000316f0a8 method=org.objectweb.asm.MethodWriter.computeMethodInfoSize()I @ 342
Event: 3606.359 Thread 0x0000000019420000 Uncommon trap: reason=unstable_if action=reinterpret pc=0x00000000045ac8a4 method=org.gradle.api.internal.tasks.compile.AnnotatableMember.compare(Lorg/gradle/api/internal/tasks/compile/AnnotatableMember;)Lcom/google/common/collect/ComparisonChain; @ 9

Classes redefined (0 events):
No events

Internal exceptions (10 events):
Event: 3588.062 Thread 0x0000000019420000 Exception <a 'java/lang/NoSuchMethodError': <clinit>> (0x00000000f19438c0) thrown at [D:\src\AOSP-openjdk-cygwin\jdk8u\hotspot\src\share\vm\prims\jni.cpp, line 1614]
Event: 3588.062 Thread 0x0000000019420000 Exception <a 'java/lang/NoSuchMethodError': <clinit>> (0x00000000f1944be0) thrown at [D:\src\AOSP-openjdk-cygwin\jdk8u\hotspot\src\share\vm\prims\jni.cpp, line 1614]
Event: 3589.134 Thread 0x0000000019420000 Exception <a 'java/lang/NoSuchMethodError': <clinit>> (0x00000000f41d4850) thrown at [D:\src\AOSP-openjdk-cygwin\jdk8u\hotspot\src\share\vm\prims\jni.cpp, line 1614]
Event: 3589.138 Thread 0x0000000019420000 Exception <a 'java/lang/NoSuchMethodError': <clinit>> (0x00000000f41f22d8) thrown at [D:\src\AOSP-openjdk-cygwin\jdk8u\hotspot\src\share\vm\prims\jni.cpp, line 1614]
Event: 3589.141 Thread 0x0000000019420000 Exception <a 'java/lang/NoSuchMethodError': <clinit>> (0x00000000f42150e8) thrown at [D:\src\AOSP-openjdk-cygwin\jdk8u\hotspot\src\share\vm\prims\jni.cpp, line 1614]
Event: 3589.149 Thread 0x0000000019420000 Exception <a 'java/lang/NoSuchMethodError': <clinit>> (0x00000000f425b140) thrown at [D:\src\AOSP-openjdk-cygwin\jdk8u\hotspot\src\share\vm\prims\jni.cpp, line 1614]
Event: 3589.153 Thread 0x0000000019420000 Exception <a 'java/lang/NoSuchMethodError': <clinit>> (0x00000000f428d5e0) thrown at [D:\src\AOSP-openjdk-cygwin\jdk8u\hotspot\src\share\vm\prims\jni.cpp, line 1614]
Event: 3603.881 Thread 0x0000000018c93800 Exception <a 'sun/nio/fs/WindowsException'> (0x00000000f4f76048) thrown at [D:\src\AOSP-openjdk-cygwin\jdk8u\hotspot\src\share\vm\prims\jni.cpp, line 710]
Event: 3603.887 Thread 0x0000000018c93800 Exception <a 'sun/nio/fs/WindowsException'> (0x00000000f4f90a78) thrown at [D:\src\AOSP-openjdk-cygwin\jdk8u\hotspot\src\share\vm\prims\jni.cpp, line 710]
Event: 3603.887 Thread 0x0000000018c93800 Exception <a 'sun/nio/fs/WindowsException'> (0x00000000f4f90f20) thrown at [D:\src\AOSP-openjdk-cygwin\jdk8u\hotspot\src\share\vm\prims\jni.cpp, line 710]

Events (10 events):
Event: 3606.355 Thread 0x0000000019420000 DEOPT UNPACKING pc=0x000000000281557b sp=0x00000000255dcd10 mode 2
Event: 3606.356 Thread 0x0000000019420000 Uncommon trap: trap_request=0xffffff65 fr.pc=0x00000000038de508
Event: 3606.356 Thread 0x0000000019420000 DEOPT PACKING pc=0x00000000038de508 sp=0x00000000255dcda0
Event: 3606.356 Thread 0x0000000019420000 DEOPT UNPACKING pc=0x000000000281557b sp=0x00000000255dccf0 mode 2
Event: 3606.356 Thread 0x0000000019420000 Uncommon trap: trap_request=0xffffff65 fr.pc=0x000000000316f0a8
Event: 3606.356 Thread 0x0000000019420000 DEOPT PACKING pc=0x000000000316f0a8 sp=0x00000000255dd370
Event: 3606.358 Thread 0x0000000019420000 DEOPT UNPACKING pc=0x000000000281557b sp=0x00000000255dd310 mode 2
Event: 3606.359 Thread 0x0000000019420000 Uncommon trap: trap_request=0xffffff65 fr.pc=0x00000000045ac8a4
Event: 3606.359 Thread 0x0000000019420000 DEOPT PACKING pc=0x00000000045ac8a4 sp=0x00000000255dcdc0
Event: 3606.359 Thread 0x0000000019420000 DEOPT UNPACKING pc=0x000000000281557b sp=0x00000000255dcd60 mode 2


Dynamic libraries:
0x00007ff6d6cf0000 - 0x00007ff6d6d21000 	D:\Program Files\Android\Android Studio\jre\bin\java.exe
0x00007ffde4db0000 - 0x00007ffde4f91000 	C:\Windows\SYSTEM32\ntdll.dll
0x00007ffde2390000 - 0x00007ffde2442000 	C:\Windows\System32\KERNEL32.DLL
0x00007ffde1fa0000 - 0x00007ffde2213000 	C:\Windows\System32\KERNELBASE.dll
0x00007ffde2970000 - 0x00007ffde2a11000 	C:\Windows\System32\ADVAPI32.dll
0x00007ffde4b80000 - 0x00007ffde4c1e000 	C:\Windows\System32\msvcrt.dll
0x00007ffde2910000 - 0x00007ffde296b000 	C:\Windows\System32\sechost.dll
0x00007ffde2a40000 - 0x00007ffde2b64000 	C:\Windows\System32\RPCRT4.dll
0x00007ffde47f0000 - 0x00007ffde4980000 	C:\Windows\System32\USER32.dll
0x00007ffde2220000 - 0x00007ffde2240000 	C:\Windows\System32\win32u.dll
0x00007ffde2ff0000 - 0x00007ffde3018000 	C:\Windows\System32\GDI32.dll
0x00007ffde12b0000 - 0x00007ffde1442000 	C:\Windows\System32\gdi32full.dll
0x00007ffde1f00000 - 0x00007ffde1f9f000 	C:\Windows\System32\msvcp_win.dll
0x00007ffde1e00000 - 0x00007ffde1efa000 	C:\Windows\System32\ucrtbase.dll
0x00007ffdd26a0000 - 0x00007ffdd2909000 	C:\Windows\WinSxS\amd64_microsoft.windows.common-controls_6595b64144ccf1df_6.0.17134.590_none_fb3d9bff3069e088\COMCTL32.dll
0x00007ffde3020000 - 0x00007ffde3342000 	C:\Windows\System32\combase.dll
0x00007ffde1230000 - 0x00007ffde12aa000 	C:\Windows\System32\bcryptPrimitives.dll
0x00007ffde2fc0000 - 0x00007ffde2fed000 	C:\Windows\System32\IMM32.DLL
0x000000006bf20000 - 0x000000006bff2000 	D:\Program Files\Android\Android Studio\jre\jre\bin\msvcr100.dll
0x000000006c0e0000 - 0x000000006c926000 	D:\Program Files\Android\Android Studio\jre\jre\bin\server\jvm.dll
0x00007ffde2a20000 - 0x00007ffde2a28000 	C:\Windows\System32\PSAPI.DLL
0x00007ffddb950000 - 0x00007ffddb959000 	C:\Windows\SYSTEM32\WSOCK32.dll
0x00007ffdd44f0000 - 0x00007ffdd44fa000 	C:\Windows\SYSTEM32\VERSION.dll
0x00007ffddf310000 - 0x00007ffddf333000 	C:\Windows\SYSTEM32\WINMM.dll
0x00007ffde4d10000 - 0x00007ffde4d7c000 	C:\Windows\System32\WS2_32.dll
0x00007ffddf2e0000 - 0x00007ffddf30a000 	C:\Windows\SYSTEM32\WINMMBASE.dll
0x00007ffde1450000 - 0x00007ffde1499000 	C:\Windows\System32\cfgmgr32.dll
0x00007ffdd9a70000 - 0x00007ffdd9a7f000 	D:\Program Files\Android\Android Studio\jre\jre\bin\verify.dll
0x00007ffdd0040000 - 0x00007ffdd0069000 	D:\Program Files\Android\Android Studio\jre\jre\bin\java.dll
0x00007ffdd03e0000 - 0x00007ffdd03f6000 	D:\Program Files\Android\Android Studio\jre\jre\bin\zip.dll
0x00007ffde33b0000 - 0x00007ffde47f0000 	C:\Windows\System32\SHELL32.dll
0x00007ffde25b0000 - 0x00007ffde2659000 	C:\Windows\System32\shcore.dll
0x00007ffde1690000 - 0x00007ffde1d9d000 	C:\Windows\System32\windows.storage.dll
0x00007ffde3350000 - 0x00007ffde33a1000 	C:\Windows\System32\shlwapi.dll
0x00007ffde1140000 - 0x00007ffde1151000 	C:\Windows\System32\kernel.appcore.dll
0x00007ffde1160000 - 0x00007ffde117f000 	C:\Windows\System32\profapi.dll
0x00007ffde10c0000 - 0x00007ffde110c000 	C:\Windows\System32\powrprof.dll
0x00007ffde1110000 - 0x00007ffde111a000 	C:\Windows\System32\FLTLIB.DLL
0x00007ffdd0190000 - 0x00007ffdd01aa000 	D:\Program Files\Android\Android Studio\jre\jre\bin\net.dll
0x00007ffdd40d0000 - 0x00007ffdd4299000 	C:\Windows\SYSTEM32\urlmon.dll
0x00007ffdd4a30000 - 0x00007ffdd4cd5000 	C:\Windows\SYSTEM32\iertutil.dll
0x00007ffde0b10000 - 0x00007ffde0b1b000 	C:\Windows\SYSTEM32\CRYPTBASE.DLL
0x00007ffdbb130000 - 0x00007ffdbb227000 	C:\Windows\Netease\UU\uu_lsp64.dll
0x00007ffde14a0000 - 0x00007ffde1682000 	C:\Windows\System32\CRYPT32.dll
0x00007ffde1120000 - 0x00007ffde1132000 	C:\Windows\System32\MSASN1.dll
0x00007ffde06c0000 - 0x00007ffde06f8000 	C:\Windows\SYSTEM32\IPHLPAPI.DLL
0x00007ffde0940000 - 0x00007ffde09a6000 	C:\Windows\system32\mswsock.dll
0x00007ffdd0100000 - 0x00007ffdd0113000 	D:\Program Files\Android\Android Studio\jre\jre\bin\nio.dll
0x00007ffdcfde0000 - 0x00007ffdcfe06000 	C:\Users\IvoryT\.gradle\native\30\windows-amd64\native-platform.dll
0x00007ffdd98d0000 - 0x00007ffdd98dd000 	D:\Program Files\Android\Android Studio\jre\jre\bin\management.dll
0x00007ffde0af0000 - 0x00007ffde0b07000 	C:\Windows\SYSTEM32\CRYPTSP.dll
0x00007ffde0520000 - 0x00007ffde0553000 	C:\Windows\system32\rsaenh.dll
0x00007ffde0c20000 - 0x00007ffde0c45000 	C:\Windows\SYSTEM32\bcrypt.dll
0x00007ffde0ff0000 - 0x00007ffde1018000 	C:\Windows\SYSTEM32\USERENV.dll
0x00007ffde2700000 - 0x00007ffde2708000 	C:\Windows\System32\NSI.dll
0x00007ffdd6570000 - 0x00007ffdd6586000 	C:\Windows\SYSTEM32\dhcpcsvc6.DLL
0x00007ffdd6aa0000 - 0x00007ffdd6aba000 	C:\Windows\SYSTEM32\dhcpcsvc.DLL
0x00007ffdcfcb0000 - 0x00007ffdcfcd4000 	D:\Program Files\Android\Android Studio\jre\jre\bin\sunec.dll
0x00007ffde0700000 - 0x00007ffde07be000 	C:\Windows\SYSTEM32\DNSAPI.dll
0x00007ffdd1740000 - 0x00007ffdd174a000 	C:\Windows\System32\rasadhlp.dll
0x00007ffdd25c0000 - 0x00007ffdd2632000 	C:\Windows\System32\fwpuclnt.dll
0x00007ffddb4e0000 - 0x00007ffddb4eb000 	D:\Program Files\Android\Android Studio\jre\jre\bin\sunmscapi.dll
0x00007ffde0190000 - 0x00007ffde01c1000 	C:\Windows\SYSTEM32\ntmarta.dll

VM Arguments:
jvm_args: -Xmx1536m -Dfile.encoding=GBK -Duser.country=CN -Duser.language=zh -Duser.variant 
java_command: org.gradle.launcher.daemon.bootstrap.GradleDaemon 5.6.4
java_class_path (initial): C:\Users\IvoryT\.gradle\wrapper\dists\gradle-5.6.4-all\ankdp27end7byghfw1q2sw75f\gradle-5.6.4\lib\gradle-launcher-5.6.4.jar
Launcher Type: SUN_STANDARD

Environment Variables:
PATH=C:\Windows\system32;C:\Windows;C:\Windows\System32\Wbem;C:\Windows\System32\WindowsPowerShell\v1.0\;C:\Program Files\IDM Computer Solutions\UltraEdit;C:\ProgramData\Microsoft\Windows\Start Menu\Programs\Python 3.6\Python 3.6 (64-bit).lnk;D:\Program Files\MATLAB\R2016b\runtime\win64;D:\Program Files\MATLAB\R2016b\bin;D:\Program Files\MATLAB\R2016b\polyspace\bin;D:\Git\Git\cmd;D:\py3.8.1\Scripts\;D:\py3.8.1\;C:\Users\IvoryT\AppData\Local\Microsoft\WindowsApps;D:\pycharm\PyCharm 2018.3.5\bin;C:\Users\IvoryT\AppData\Local\GitHubDesktop\bin
USERNAME=IvoryT
OS=Windows_NT
PROCESSOR_IDENTIFIER=Intel64 Family 6 Model 142 Stepping 9, GenuineIntel



---------------  S Y S T E M  ---------------

OS: Windows 10.0 , 64 bit Build 17134 (10.0.17134.556)

CPU:total 4 (initial active 4) (2 cores per cpu, 2 threads per core) family 6 model 142 stepping 9, cmov, cx8, fxsr, mmx, sse, sse2, sse3, ssse3, sse4.1, sse4.2, popcnt, avx, avx2, aes, clmul, erms, 3dnowpref, lzcnt, ht, tsc, tscinvbit, bmi1, bmi2, adx

Memory: 4k page, physical 8243596k(341548k free), swap 16005388k(4k free)

vm_info: OpenJDK 64-Bit Server VM (25.212-b04) for windows-amd64 JRE (1.8.0_212-release-1586-b04), built by "builder" with MS VC++ 10.0 (VS2010)

time: Thu Mar 05 15:45:38 2020
timezone: 中国标准时间
elapsed time: 3606 seconds (0d 1h 0m 6s)

